<?xml version="1.0" encoding="UTF-8"?>
<!-- Generated by org.testng.reporters.JUnitXMLReporter -->
<testsuite ignored="0" hostname="INLEN8520045463" failures="6" tests="6" name="Test" time="2.162" errors="0" timestamp="2022-07-20T13:50:57 IST">
  <testcase classname="io.cucumber.testng.AbstractTestNGCucumberTests" name="runScenario" time="0.801">
    <failure type="java.lang.Error" message="Unresolved compilation problem: 
">
      <![CDATA[java.lang.Error: Unresolved compilation problem: 

at Browser.Browser.openBrowser(Browser.java:18)
at Pages.Loginfeature.OpenUrl(Loginfeature.java:14)
at stepdefinition.Cucumber2.user_is_able_to_open_the_url(Cucumber2.java:18)
at ✽.User is able to open the url "https://www.saucedemo.com/"(file:///C:/Users/JYNARAYA/eclipse-workspace/org.google.com/src/test/resources/Features1/Cucumber2.feature:4)
]]>
    </failure>
  </testcase> <!-- runScenario -->
  <testcase classname="io.cucumber.testng.AbstractTestNGCucumberTests" name="runScenario" time="0.013">
    <failure type="java.lang.Error" message="Unresolved compilation problem: 
">
      <![CDATA[java.lang.Error: Unresolved compilation problem: 

at Browser.Browser.openBrowser(Browser.java:18)
at Pages.Loginfeature.OpenUrl(Loginfeature.java:14)
at stepdefinition.Cucumber2.user_is_able_to_open_the_url(Cucumber2.java:18)
at ✽.User is able to open the url "https://www.saucedemo.com/"(file:///C:/Users/JYNARAYA/eclipse-workspace/org.google.com/src/test/resources/Features1/Cucumber2.feature:4)
]]>
    </failure>
  </testcase> <!-- runScenario -->
  <testcase classname="io.cucumber.testng.AbstractTestNGCucumberTests" name="runScenario" time="0.01">
    <failure type="java.lang.Error" message="Unresolved compilation problem: 
">
      <![CDATA[java.lang.Error: Unresolved compilation problem: 

at Browser.Browser.openBrowser(Browser.java:18)
at Pages.Loginfeature.OpenUrl(Loginfeature.java:14)
at stepdefinition.Cucumber2.user_is_able_to_open_the_url(Cucumber2.java:18)
at ✽.User is able to open the url "https://www.saucedemo.com/"(file:///C:/Users/JYNARAYA/eclipse-workspace/org.google.com/src/test/resources/Features1/Cucumber2.feature:4)
]]>
    </failure>
  </testcase> <!-- runScenario -->
  <testcase classname="io.cucumber.testng.AbstractTestNGCucumberTests" name="runScenario" time="0.012">
    <failure type="java.lang.Error" message="Unresolved compilation problem: 
">
      <![CDATA[java.lang.Error: Unresolved compilation problem: 

at Browser.Browser.openBrowser(Browser.java:18)
at stepdefinition.Cucumber.open_the_browser(Cucumber.java:15)
at ✽.open the browser(file:///C:/Users/JYNARAYA/eclipse-workspace/org.google.com/src/test/resources/Features/Cucumber.feature:3)
]]>
    </failure>
  </testcase> <!-- runScenario -->
  <testcase classname="io.cucumber.testng.AbstractTestNGCucumberTests" name="runScenario" time="0.007">
    <failure type="java.lang.Error" message="Unresolved compilation problem: 
">
      <![CDATA[java.lang.Error: Unresolved compilation problem: 

at Browser.Browser.openBrowser(Browser.java:18)
at stepdefinition.Cucumber1.user_is_able_to_open_the_webpage(Cucumber1.java:15)
at ✽.User is able to open the webpage "https://www.saucedemo.com/"(file:///C:/Users/JYNARAYA/eclipse-workspace/org.google.com/src/test/resources/Features/Cucumber1.feature:3)
]]>
    </failure>
  </testcase> <!-- runScenario -->
  <testcase classname="io.cucumber.testng.AbstractTestNGCucumberTests" name="runScenario" time="0.011">
    <failure type="java.lang.Error" message="Unresolved compilation problem: 
">
      <![CDATA[java.lang.Error: Unresolved compilation problem: 

at Browser.Browser.openBrowser(Browser.java:18)
at stepdefinition.Cucumber1.user_is_able_to_open_the_webpage(Cucumber1.java:15)
at ✽.User is able to open the webpage "https://www.saucedemo.com/"(file:///C:/Users/JYNARAYA/eclipse-workspace/org.google.com/src/test/resources/Features/Cucumber1.feature:3)
]]>
    </failure>
  </testcase> <!-- runScenario -->
</testsuite> <!-- Test -->
