<?xml version="1.0" encoding="UTF-8"?>
<!-- Generated by org.testng.reporters.JUnitReportReporter -->
<testsuite hostname="INLEN8520045463" failures="0" tests="3" name="TestRunner.TestRunner1" time="0.824" errors="3" timestamp="2022-07-20T13:50:57 IST" skipped="0">
  <testcase classname="TestRunner.TestRunner1" name="runScenario" time="0.801">
    <error message="Unresolved compilation problem: 
" type="java.lang.Error">
      <![CDATA[java.lang.Error: Unresolved compilation problem: 

at Browser.Browser.openBrowser(Browser.java:18)
at Pages.Loginfeature.OpenUrl(Loginfeature.java:14)
at stepdefinition.Cucumber2.user_is_able_to_open_the_url(Cucumber2.java:18)
at ✽.User is able to open the url "https://www.saucedemo.com/"(file:///C:/Users/JYNARAYA/eclipse-workspace/org.google.com/src/test/resources/Features1/Cucumber2.feature:4)
]]>
    </error>
  </testcase> <!-- runScenario -->
  <system-out/>
  <testcase classname="TestRunner.TestRunner1" name="runScenario" time="0.013">
    <error message="Unresolved compilation problem: 
" type="java.lang.Error">
      <![CDATA[java.lang.Error: Unresolved compilation problem: 

at Browser.Browser.openBrowser(Browser.java:18)
at Pages.Loginfeature.OpenUrl(Loginfeature.java:14)
at stepdefinition.Cucumber2.user_is_able_to_open_the_url(Cucumber2.java:18)
at ✽.User is able to open the url "https://www.saucedemo.com/"(file:///C:/Users/JYNARAYA/eclipse-workspace/org.google.com/src/test/resources/Features1/Cucumber2.feature:4)
]]>
    </error>
  </testcase> <!-- runScenario -->
  <system-out/>
  <testcase classname="TestRunner.TestRunner1" name="runScenario" time="0.010">
    <error message="Unresolved compilation problem: 
" type="java.lang.Error">
      <![CDATA[java.lang.Error: Unresolved compilation problem: 

at Browser.Browser.openBrowser(Browser.java:18)
at Pages.Loginfeature.OpenUrl(Loginfeature.java:14)
at stepdefinition.Cucumber2.user_is_able_to_open_the_url(Cucumber2.java:18)
at ✽.User is able to open the url "https://www.saucedemo.com/"(file:///C:/Users/JYNARAYA/eclipse-workspace/org.google.com/src/test/resources/Features1/Cucumber2.feature:4)
]]>
    </error>
  </testcase> <!-- runScenario -->
  <system-out/>
</testsuite> <!-- TestRunner.TestRunner1 -->
