<?xml version="1.0" encoding="UTF-8"?>
<!-- Generated by org.testng.reporters.JUnitReportReporter -->
<testsuite hostname="INLEN8520045463" failures="0" tests="3" name="TestRunner.TestRunner2" time="0.030" errors="3" timestamp="2022-07-20T13:50:57 IST" skipped="0">
  <testcase classname="TestRunner.TestRunner2" name="runScenario" time="0.012">
    <error message="Unresolved compilation problem: 
" type="java.lang.Error">
      <![CDATA[java.lang.Error: Unresolved compilation problem: 

at Browser.Browser.openBrowser(Browser.java:18)
at stepdefinition.Cucumber.open_the_browser(Cucumber.java:15)
at ✽.open the browser(file:///C:/Users/JYNARAYA/eclipse-workspace/org.google.com/src/test/resources/Features/Cucumber.feature:3)
]]>
    </error>
  </testcase> <!-- runScenario -->
  <system-out/>
  <testcase classname="TestRunner.TestRunner2" name="runScenario" time="0.007">
    <error message="Unresolved compilation problem: 
" type="java.lang.Error">
      <![CDATA[java.lang.Error: Unresolved compilation problem: 

at Browser.Browser.openBrowser(Browser.java:18)
at stepdefinition.Cucumber1.user_is_able_to_open_the_webpage(Cucumber1.java:15)
at ✽.User is able to open the webpage "https://www.saucedemo.com/"(file:///C:/Users/JYNARAYA/eclipse-workspace/org.google.com/src/test/resources/Features/Cucumber1.feature:3)
]]>
    </error>
  </testcase> <!-- runScenario -->
  <system-out/>
  <testcase classname="TestRunner.TestRunner2" name="runScenario" time="0.011">
    <error message="Unresolved compilation problem: 
" type="java.lang.Error">
      <![CDATA[java.lang.Error: Unresolved compilation problem: 

at Browser.Browser.openBrowser(Browser.java:18)
at stepdefinition.Cucumber1.user_is_able_to_open_the_webpage(Cucumber1.java:15)
at ✽.User is able to open the webpage "https://www.saucedemo.com/"(file:///C:/Users/JYNARAYA/eclipse-workspace/org.google.com/src/test/resources/Features/Cucumber1.feature:3)
]]>
    </error>
  </testcase> <!-- runScenario -->
  <system-out/>
</testsuite> <!-- TestRunner.TestRunner2 -->
